51.0 APEX_CODE,FINER;APEX_PROFILING,INFO;CALLOUT,INFO;DB,INFO;NBA,INFO;SYSTEM,DEBUG;VALIDATION,INFO;VISUALFORCE,INFO;WAVE,INFO;WORKFLOW,INFO
16:21:35.0 (536046)|USER_INFO|[EXTERNAL]|0057Y000006Aal3|ksaurav@wehkamp.nl.acc|(GMT+01:00) Central European Standard Time (Europe/Amsterdam)|GMT+01:00
16:21:35.0 (587314)|EXECUTION_STARTED
16:21:35.0 (597288)|CODE_UNIT_STARTED|[EXTERNAL]|01q7Y000000oY7H|ServicePresenceTrigger on UserServicePresence trigger event AfterInsert|__sfdc_trigger/ServicePresenceTrigger
16:21:35.0 (669721)|HEAP_ALLOCATE|[EXTERNAL]|Bytes:8
16:21:35.0 (1101921)|HEAP_ALLOCATE|[79]|Bytes:3
16:21:35.0 (1146769)|HEAP_ALLOCATE|[84]|Bytes:152
16:21:35.0 (1161506)|HEAP_ALLOCATE|[399]|Bytes:408
16:21:35.0 (1174479)|HEAP_ALLOCATE|[412]|Bytes:408
16:21:35.0 (1185061)|HEAP_ALLOCATE|[520]|Bytes:48
16:21:35.0 (1208704)|HEAP_ALLOCATE|[139]|Bytes:6
16:21:35.0 (1228638)|HEAP_ALLOCATE|[EXTERNAL]|Bytes:1
16:21:35.0 (1245905)|HEAP_ALLOCATE|[EXTERNAL]|Bytes:4
16:21:35.0 (1303344)|HEAP_ALLOCATE|[EXTERNAL]|Bytes:4
16:21:35.0 (1388930)|STATEMENT_EXECUTE|[1]
16:21:35.0 (1420056)|HEAP_ALLOCATE|[52]|Bytes:5
16:21:35.0 (1448089)|HEAP_ALLOCATE|[58]|Bytes:5
16:21:35.0 (1459226)|HEAP_ALLOCATE|[66]|Bytes:7
16:21:35.0 (1816407)|HEAP_ALLOCATE|[4]|Bytes:5
16:21:35.0 (1865434)|STATEMENT_EXECUTE|[4]
16:21:35.0 (1875247)|STATEMENT_EXECUTE|[5]
16:21:35.0 (1879333)|HEAP_ALLOCATE|[5]|Bytes:48
16:21:35.0 (1968518)|HEAP_ALLOCATE|[5]|Bytes:18
16:21:35.0 (1980733)|HEAP_ALLOCATE|[5]|Bytes:9
16:21:35.0 (2058189)|HEAP_ALLOCATE|[5]|Bytes:18
16:21:35.0 (2070582)|HEAP_ALLOCATE|[5]|Bytes:12
16:21:35.0 (2141465)|HEAP_ALLOCATE|[5]|Bytes:18
16:21:35.0 (2158327)|HEAP_ALLOCATE|[5]|Bytes:123
16:21:35.0 (2181859)|USER_DEBUG|[5]|DEBUG|***Service Presence trigger called &#124; record Id: 0R17Y0000008ohYSAQ UserId: 0057Y000006Aal3QAC Status Id: 0N57Y000000CcXfSAK
16:21:35.0 (2204167)|HEAP_ALLOCATE|[4]|Bytes:5
16:21:35.2 (2226604)|CUMULATIVE_LIMIT_USAGE
16:21:35.2 (2226604)|LIMIT_USAGE_FOR_NS|(default)|
  Number of SOQL queries: 0 out of 100
  Number of query rows: 0 out of 50000
  Number of SOSL queries: 0 out of 20
  Number of DML statements: 0 out of 150
  Number of Publish Immediate DML: 0 out of 150
  Number of DML rows: 0 out of 10000
  Maximum CPU time: 0 out of 10000
  Maximum heap size: 0 out of 6000000
  Number of callouts: 0 out of 100
  Number of Email Invocations: 0 out of 10
  Number of future calls: 0 out of 50
  Number of queueable jobs added to the queue: 0 out of 50
  Number of Mobile Apex push calls: 0 out of 10

16:21:35.2 (2226604)|CUMULATIVE_LIMIT_USAGE_END

16:21:35.0 (3346299)|CODE_UNIT_FINISHED|ServicePresenceTrigger on UserServicePresence trigger event AfterInsert|__sfdc_trigger/ServicePresenceTrigger
16:21:35.0 (3357018)|EXECUTION_FINISHED
